                                      1 ;--------------------------------------------------------
                                      2 ; File Created by SDCC : free open source ANSI-C Compiler
                                      3 ; Version 4.2.0 #13081 (Linux)
                                      4 ;--------------------------------------------------------
                                      5 	.module uart_hal
                                      6 	.optsdcc -mmcs51 --model-medium
                                      7 	
                                      8 ;--------------------------------------------------------
                                      9 ; Public variables in this module
                                     10 ;--------------------------------------------------------
                                     11 	.globl _uartBufferRead
                                     12 	.globl _uartBufferWrite
                                     13 	.globl _uartBufferLength
                                     14 	.globl _uartBufferInitialise
                                     15 	.globl _startTimer
                                     16 	.globl _baudRateToSysclkDivisor
                                     17 	.globl _S1SM0_FE
                                     18 	.globl _T1IF
                                     19 	.globl _T1R
                                     20 	.globl _T0IF
                                     21 	.globl _T0R
                                     22 	.globl _CF
                                     23 	.globl _CR
                                     24 	.globl _CCF1
                                     25 	.globl _CCF0
                                     26 	.globl _CY
                                     27 	.globl _AC
                                     28 	.globl _F0
                                     29 	.globl _RS1
                                     30 	.globl _RS0
                                     31 	.globl _OV
                                     32 	.globl _F1
                                     33 	.globl _P
                                     34 	.globl _EA
                                     35 	.globl _INT1IF
                                     36 	.globl _IT1
                                     37 	.globl _INT0IF
                                     38 	.globl _IT0
                                     39 	.globl _P5_5
                                     40 	.globl _P5_4
                                     41 	.globl _P5_3
                                     42 	.globl _P5_2
                                     43 	.globl _P5_1
                                     44 	.globl _P5_0
                                     45 	.globl _P4_7
                                     46 	.globl _P4_6
                                     47 	.globl _P4_5
                                     48 	.globl _P4_4
                                     49 	.globl _P4_3
                                     50 	.globl _P4_2
                                     51 	.globl _P4_1
                                     52 	.globl _P4_0
                                     53 	.globl _P3_7
                                     54 	.globl _P3_6
                                     55 	.globl _P3_5
                                     56 	.globl _P3_4
                                     57 	.globl _P3_3
                                     58 	.globl _P3_2
                                     59 	.globl _P3_1
                                     60 	.globl _P3_0
                                     61 	.globl _P2_7
                                     62 	.globl _P2_6
                                     63 	.globl _P2_5
                                     64 	.globl _P2_4
                                     65 	.globl _P2_3
                                     66 	.globl _P2_2
                                     67 	.globl _P2_1
                                     68 	.globl _P2_0
                                     69 	.globl _P1_7
                                     70 	.globl _P1_6
                                     71 	.globl _P1_5
                                     72 	.globl _P1_4
                                     73 	.globl _P1_3
                                     74 	.globl _P1_2
                                     75 	.globl _P1_1
                                     76 	.globl _P1_0
                                     77 	.globl _P0_7
                                     78 	.globl _P0_6
                                     79 	.globl _P0_5
                                     80 	.globl _P0_4
                                     81 	.globl _P0_3
                                     82 	.globl _P0_2
                                     83 	.globl _P0_1
                                     84 	.globl _P0_0
                                     85 	.globl _S2BUF
                                     86 	.globl _S2CON
                                     87 	.globl _S1BUF
                                     88 	.globl _S1CON
                                     89 	.globl _SADEN
                                     90 	.globl _SADDR
                                     91 	.globl _WDT_CONTR
                                     92 	.globl _AUXR
                                     93 	.globl _BRT
                                     94 	.globl _T1
                                     95 	.globl _T1H
                                     96 	.globl _T1L
                                     97 	.globl _T0
                                     98 	.globl _T0H
                                     99 	.globl _T0L
                                    100 	.globl _TMOD
                                    101 	.globl _TCON
                                    102 	.globl _CLKDIV
                                    103 	.globl _SPDAT
                                    104 	.globl _SPCTL
                                    105 	.globl _SPSTAT
                                    106 	.globl _PCA_PWM1
                                    107 	.globl _PCA_PWM0
                                    108 	.globl _CCAP1
                                    109 	.globl _CCAP0
                                    110 	.globl _CCAP1H
                                    111 	.globl _CCAP0H
                                    112 	.globl _CCAP1L
                                    113 	.globl _CCAP0L
                                    114 	.globl _PCA_CTR
                                    115 	.globl _CH
                                    116 	.globl _CL
                                    117 	.globl _CCAPM1
                                    118 	.globl _CCAPM0
                                    119 	.globl _CMOD
                                    120 	.globl _CCON
                                    121 	.globl _BUS_SPEED
                                    122 	.globl _P4SW
                                    123 	.globl _P1ASF
                                    124 	.globl _P_SW1
                                    125 	.globl _WAKE_CLKO
                                    126 	.globl _PCON
                                    127 	.globl _B
                                    128 	.globl _ACC
                                    129 	.globl _PSW
                                    130 	.globl _SP
                                    131 	.globl _IP2H
                                    132 	.globl _IP2L
                                    133 	.globl _IP1H
                                    134 	.globl _IP1L
                                    135 	.globl _IE2
                                    136 	.globl _IE1
                                    137 	.globl _IAP_CONTR
                                    138 	.globl _IAP_TRIG
                                    139 	.globl _IAP_CMD
                                    140 	.globl _IAP_ADDR
                                    141 	.globl _IAP_ADDRL
                                    142 	.globl _IAP_ADDRH
                                    143 	.globl _IAP_DATA
                                    144 	.globl _P5M0
                                    145 	.globl _P5M1
                                    146 	.globl _P5
                                    147 	.globl _P4M0
                                    148 	.globl _P4M1
                                    149 	.globl _P4
                                    150 	.globl _P3M0
                                    151 	.globl _P3M1
                                    152 	.globl _P3
                                    153 	.globl _P2M0
                                    154 	.globl _P2M1
                                    155 	.globl _P2
                                    156 	.globl _P1M0
                                    157 	.globl _P1M1
                                    158 	.globl _P1
                                    159 	.globl _P0M0
                                    160 	.globl _P0M1
                                    161 	.globl _P0
                                    162 	.globl _DPS
                                    163 	.globl _DP
                                    164 	.globl _DPH
                                    165 	.globl _DPL
                                    166 	.globl _ADC_RESL
                                    167 	.globl _ADC_RESH
                                    168 	.globl _ADC_CONTR
                                    169 	.globl _uartSendCharacter_PARM_2
                                    170 	.globl _uartInitialise_PARM_5
                                    171 	.globl _uartInitialise_PARM_4
                                    172 	.globl _uartInitialise_PARM_3
                                    173 	.globl _uartInitialise_PARM_2
                                    174 	.globl _UART2_mode
                                    175 	.globl _UART2_outputBuffer
                                    176 	.globl _UART2_inputBuffer
                                    177 	.globl _UART1_mode
                                    178 	.globl _UART1_outputBuffer
                                    179 	.globl _UART1_inputBuffer
                                    180 	.globl _uartReceiveBufferEmpty
                                    181 	.globl _uartReceiveBufferFull
                                    182 	.globl _uartTransmitBufferEmpty
                                    183 	.globl _uartTransmitBufferFull
                                    184 	.globl _uartInitialise
                                    185 	.globl ___uart1_isr
                                    186 	.globl ___uart2_isr
                                    187 	.globl _uartGetCharacter
                                    188 	.globl _uartSendCharacter
                                    189 ;--------------------------------------------------------
                                    190 ; special function registers
                                    191 ;--------------------------------------------------------
                                    192 	.area RSEG    (ABS,DATA)
      000000                        193 	.org 0x0000
                           0000BC   194 _ADC_CONTR	=	0x00bc
                           0000BD   195 _ADC_RESH	=	0x00bd
                           0000BE   196 _ADC_RESL	=	0x00be
                           000082   197 _DPL	=	0x0082
                           000083   198 _DPH	=	0x0083
                           008382   199 _DP	=	0x8382
                           0000A2   200 _DPS	=	0x00a2
                           000080   201 _P0	=	0x0080
                           000093   202 _P0M1	=	0x0093
                           000094   203 _P0M0	=	0x0094
                           000090   204 _P1	=	0x0090
                           000091   205 _P1M1	=	0x0091
                           000092   206 _P1M0	=	0x0092
                           0000A0   207 _P2	=	0x00a0
                           000095   208 _P2M1	=	0x0095
                           000096   209 _P2M0	=	0x0096
                           0000B0   210 _P3	=	0x00b0
                           0000B1   211 _P3M1	=	0x00b1
                           0000B2   212 _P3M0	=	0x00b2
                           0000C0   213 _P4	=	0x00c0
                           0000B3   214 _P4M1	=	0x00b3
                           0000B4   215 _P4M0	=	0x00b4
                           0000C8   216 _P5	=	0x00c8
                           0000C9   217 _P5M1	=	0x00c9
                           0000CA   218 _P5M0	=	0x00ca
                           0000C2   219 _IAP_DATA	=	0x00c2
                           0000C3   220 _IAP_ADDRH	=	0x00c3
                           0000C4   221 _IAP_ADDRL	=	0x00c4
                           00C3C4   222 _IAP_ADDR	=	0xc3c4
                           0000C5   223 _IAP_CMD	=	0x00c5
                           0000C6   224 _IAP_TRIG	=	0x00c6
                           0000C7   225 _IAP_CONTR	=	0x00c7
                           0000A8   226 _IE1	=	0x00a8
                           0000AF   227 _IE2	=	0x00af
                           0000B8   228 _IP1L	=	0x00b8
                           0000B7   229 _IP1H	=	0x00b7
                           0000B5   230 _IP2L	=	0x00b5
                           0000B6   231 _IP2H	=	0x00b6
                           000081   232 _SP	=	0x0081
                           0000D0   233 _PSW	=	0x00d0
                           0000E0   234 _ACC	=	0x00e0
                           0000F0   235 _B	=	0x00f0
                           000087   236 _PCON	=	0x0087
                           00008F   237 _WAKE_CLKO	=	0x008f
                           0000A2   238 _P_SW1	=	0x00a2
                           00009D   239 _P1ASF	=	0x009d
                           0000BB   240 _P4SW	=	0x00bb
                           0000A1   241 _BUS_SPEED	=	0x00a1
                           0000D8   242 _CCON	=	0x00d8
                           0000D9   243 _CMOD	=	0x00d9
                           0000DA   244 _CCAPM0	=	0x00da
                           0000DB   245 _CCAPM1	=	0x00db
                           0000E9   246 _CL	=	0x00e9
                           0000F9   247 _CH	=	0x00f9
                           00F9E9   248 _PCA_CTR	=	0xf9e9
                           0000EA   249 _CCAP0L	=	0x00ea
                           0000EB   250 _CCAP1L	=	0x00eb
                           0000FA   251 _CCAP0H	=	0x00fa
                           0000FB   252 _CCAP1H	=	0x00fb
                           00FAEA   253 _CCAP0	=	0xfaea
                           00FBEB   254 _CCAP1	=	0xfbeb
                           0000F2   255 _PCA_PWM0	=	0x00f2
                           0000F3   256 _PCA_PWM1	=	0x00f3
                           0000CD   257 _SPSTAT	=	0x00cd
                           0000CE   258 _SPCTL	=	0x00ce
                           0000CF   259 _SPDAT	=	0x00cf
                           000097   260 _CLKDIV	=	0x0097
                           000088   261 _TCON	=	0x0088
                           000089   262 _TMOD	=	0x0089
                           00008A   263 _T0L	=	0x008a
                           00008C   264 _T0H	=	0x008c
                           008C8A   265 _T0	=	0x8c8a
                           00008B   266 _T1L	=	0x008b
                           00008D   267 _T1H	=	0x008d
                           008D8B   268 _T1	=	0x8d8b
                           00009C   269 _BRT	=	0x009c
                           00008E   270 _AUXR	=	0x008e
                           0000C1   271 _WDT_CONTR	=	0x00c1
                           0000A9   272 _SADDR	=	0x00a9
                           0000B9   273 _SADEN	=	0x00b9
                           000098   274 _S1CON	=	0x0098
                           000099   275 _S1BUF	=	0x0099
                           00009A   276 _S2CON	=	0x009a
                           00009B   277 _S2BUF	=	0x009b
                                    278 ;--------------------------------------------------------
                                    279 ; special function bits
                                    280 ;--------------------------------------------------------
                                    281 	.area RSEG    (ABS,DATA)
      000000                        282 	.org 0x0000
                           000080   283 _P0_0	=	0x0080
                           000081   284 _P0_1	=	0x0081
                           000082   285 _P0_2	=	0x0082
                           000083   286 _P0_3	=	0x0083
                           000084   287 _P0_4	=	0x0084
                           000085   288 _P0_5	=	0x0085
                           000086   289 _P0_6	=	0x0086
                           000087   290 _P0_7	=	0x0087
                           000090   291 _P1_0	=	0x0090
                           000091   292 _P1_1	=	0x0091
                           000092   293 _P1_2	=	0x0092
                           000093   294 _P1_3	=	0x0093
                           000094   295 _P1_4	=	0x0094
                           000095   296 _P1_5	=	0x0095
                           000096   297 _P1_6	=	0x0096
                           000097   298 _P1_7	=	0x0097
                           0000A0   299 _P2_0	=	0x00a0
                           0000A1   300 _P2_1	=	0x00a1
                           0000A2   301 _P2_2	=	0x00a2
                           0000A3   302 _P2_3	=	0x00a3
                           0000A4   303 _P2_4	=	0x00a4
                           0000A5   304 _P2_5	=	0x00a5
                           0000A6   305 _P2_6	=	0x00a6
                           0000A7   306 _P2_7	=	0x00a7
                           0000B0   307 _P3_0	=	0x00b0
                           0000B1   308 _P3_1	=	0x00b1
                           0000B2   309 _P3_2	=	0x00b2
                           0000B3   310 _P3_3	=	0x00b3
                           0000B4   311 _P3_4	=	0x00b4
                           0000B5   312 _P3_5	=	0x00b5
                           0000B6   313 _P3_6	=	0x00b6
                           0000B7   314 _P3_7	=	0x00b7
                           0000C0   315 _P4_0	=	0x00c0
                           0000C1   316 _P4_1	=	0x00c1
                           0000C2   317 _P4_2	=	0x00c2
                           0000C3   318 _P4_3	=	0x00c3
                           0000C4   319 _P4_4	=	0x00c4
                           0000C5   320 _P4_5	=	0x00c5
                           0000C6   321 _P4_6	=	0x00c6
                           0000C7   322 _P4_7	=	0x00c7
                           0000C8   323 _P5_0	=	0x00c8
                           0000C9   324 _P5_1	=	0x00c9
                           0000CA   325 _P5_2	=	0x00ca
                           0000CB   326 _P5_3	=	0x00cb
                           0000CC   327 _P5_4	=	0x00cc
                           0000CD   328 _P5_5	=	0x00cd
                           000088   329 _IT0	=	0x0088
                           000089   330 _INT0IF	=	0x0089
                           00008A   331 _IT1	=	0x008a
                           00008B   332 _INT1IF	=	0x008b
                           0000AF   333 _EA	=	0x00af
                           0000D0   334 _P	=	0x00d0
                           0000D1   335 _F1	=	0x00d1
                           0000D2   336 _OV	=	0x00d2
                           0000D3   337 _RS0	=	0x00d3
                           0000D4   338 _RS1	=	0x00d4
                           0000D5   339 _F0	=	0x00d5
                           0000D6   340 _AC	=	0x00d6
                           0000D7   341 _CY	=	0x00d7
                           0000D8   342 _CCF0	=	0x00d8
                           0000D9   343 _CCF1	=	0x00d9
                           0000DE   344 _CR	=	0x00de
                           0000DF   345 _CF	=	0x00df
                           00008C   346 _T0R	=	0x008c
                           00008D   347 _T0IF	=	0x008d
                           00008E   348 _T1R	=	0x008e
                           00008F   349 _T1IF	=	0x008f
                           00009F   350 _S1SM0_FE	=	0x009f
                                    351 ;--------------------------------------------------------
                                    352 ; overlayable register banks
                                    353 ;--------------------------------------------------------
                                    354 	.area REG_BANK_0	(REL,OVR,DATA)
      000000                        355 	.ds 8
                                    356 	.area REG_BANK_1	(REL,OVR,DATA)
      000000                        357 	.ds 8
                                    358 ;--------------------------------------------------------
                                    359 ; overlayable bit register bank
                                    360 ;--------------------------------------------------------
                                    361 	.area BIT_BANK	(REL,OVR,DATA)
      000000                        362 bits:
      000000                        363 	.ds 1
                           008000   364 	b0 = bits[0]
                           008100   365 	b1 = bits[1]
                           008200   366 	b2 = bits[2]
                           008300   367 	b3 = bits[3]
                           008400   368 	b4 = bits[4]
                           008500   369 	b5 = bits[5]
                           008600   370 	b6 = bits[6]
                           008700   371 	b7 = bits[7]
                                    372 ;--------------------------------------------------------
                                    373 ; internal ram data
                                    374 ;--------------------------------------------------------
                                    375 	.area DSEG    (DATA)
      000000                        376 _uartInitialise_sloc0_1_0:
      000000                        377 	.ds 2
                                    378 ;--------------------------------------------------------
                                    379 ; overlayable items in internal ram
                                    380 ;--------------------------------------------------------
                                    381 ;--------------------------------------------------------
                                    382 ; indirectly addressable internal ram data
                                    383 ;--------------------------------------------------------
                                    384 	.area ISEG    (DATA)
                                    385 ;--------------------------------------------------------
                                    386 ; absolute internal ram data
                                    387 ;--------------------------------------------------------
                                    388 	.area IABS    (ABS,DATA)
                                    389 	.area IABS    (ABS,DATA)
                                    390 ;--------------------------------------------------------
                                    391 ; bit data
                                    392 ;--------------------------------------------------------
                                    393 	.area BSEG    (BIT)
                                    394 ;--------------------------------------------------------
                                    395 ; paged external ram data
                                    396 ;--------------------------------------------------------
                                    397 	.area PSEG    (PAG,XDATA)
      000000                        398 _UART1_inputBuffer::
      000000                        399 	.ds 19
      000013                        400 _UART1_outputBuffer::
      000013                        401 	.ds 19
      000026                        402 _UART1_mode::
      000026                        403 	.ds 1
      000027                        404 _UART2_inputBuffer::
      000027                        405 	.ds 19
      00003A                        406 _UART2_outputBuffer::
      00003A                        407 	.ds 19
      00004D                        408 _UART2_mode::
      00004D                        409 	.ds 1
      00004E                        410 _uartInitialise_PARM_2:
      00004E                        411 	.ds 4
      000052                        412 _uartInitialise_PARM_3:
      000052                        413 	.ds 1
      000053                        414 _uartInitialise_PARM_4:
      000053                        415 	.ds 1
      000054                        416 _uartInitialise_PARM_5:
      000054                        417 	.ds 1
      000055                        418 _uartSendCharacter_PARM_2:
      000055                        419 	.ds 1
      000056                        420 _uartSendCharacter_uart_65536_97:
      000056                        421 	.ds 1
      000057                        422 _uartSendCharacter_result_65536_98:
      000057                        423 	.ds 1
                                    424 ;--------------------------------------------------------
                                    425 ; external ram data
                                    426 ;--------------------------------------------------------
                                    427 	.area XSEG    (XDATA)
                                    428 ;--------------------------------------------------------
                                    429 ; absolute external ram data
                                    430 ;--------------------------------------------------------
                                    431 	.area XABS    (ABS,XDATA)
                                    432 ;--------------------------------------------------------
                                    433 ; external initialized ram data
                                    434 ;--------------------------------------------------------
                                    435 	.area XISEG   (XDATA)
                                    436 	.area HOME    (CODE)
                                    437 	.area GSINIT0 (CODE)
                                    438 	.area GSINIT1 (CODE)
                                    439 	.area GSINIT2 (CODE)
                                    440 	.area GSINIT3 (CODE)
                                    441 	.area GSINIT4 (CODE)
                                    442 	.area GSINIT5 (CODE)
                                    443 	.area GSINIT  (CODE)
                                    444 	.area GSFINAL (CODE)
                                    445 	.area CSEG    (CODE)
                                    446 ;--------------------------------------------------------
                                    447 ; global & static initialisations
                                    448 ;--------------------------------------------------------
                                    449 	.area HOME    (CODE)
                                    450 	.area GSINIT  (CODE)
                                    451 	.area GSFINAL (CODE)
                                    452 	.area GSINIT  (CODE)
                                    453 ;--------------------------------------------------------
                                    454 ; Home
                                    455 ;--------------------------------------------------------
                                    456 	.area HOME    (CODE)
                                    457 	.area HOME    (CODE)
                                    458 ;--------------------------------------------------------
                                    459 ; code
                                    460 ;--------------------------------------------------------
                                    461 	.area CSEG    (CODE)
                                    462 ;------------------------------------------------------------
                                    463 ;Allocation info for local variables in function 'inputBuffer'
                                    464 ;------------------------------------------------------------
                                    465 ;	uart-hal.c:63: static UartBuffer *inputBuffer(Uart uart) {
                                    466 ;	-----------------------------------------
                                    467 ;	 function inputBuffer
                                    468 ;	-----------------------------------------
      000000                        469 _inputBuffer:
                           000007   470 	ar7 = 0x07
                           000006   471 	ar6 = 0x06
                           000005   472 	ar5 = 0x05
                           000004   473 	ar4 = 0x04
                           000003   474 	ar3 = 0x03
                           000002   475 	ar2 = 0x02
                           000001   476 	ar1 = 0x01
                           000000   477 	ar0 = 0x00
      000000 AF 82            [24]  478 	mov	r7,dpl
                                    479 ;	uart-hal.c:64: UartBuffer *result = NULL;
      000002 7C 00            [12]  480 	mov	r4,#0x00
      000004 7D 00            [12]  481 	mov	r5,#0x00
      000006 7E 00            [12]  482 	mov	r6,#0x00
                                    483 ;	uart-hal.c:66: switch (uart) {
      000008 BF 01 02         [24]  484 	cjne	r7,#0x01,00114$
      00000B 80 05            [24]  485 	sjmp	00101$
      00000D                        486 00114$:
                                    487 ;	uart-hal.c:67: case UART1:
      00000D BF 02 10         [24]  488 	cjne	r7,#0x02,00103$
      000010 80 08            [24]  489 	sjmp	00102$
      000012                        490 00101$:
                                    491 ;	uart-hal.c:68: result = &UART1_inputBuffer;
      000012 7Cr00            [12]  492 	mov	r4,#_UART1_inputBuffer
      000014 7D 00            [12]  493 	mov	r5,#0x00
      000016 7E 60            [12]  494 	mov	r6,#0x60
                                    495 ;	uart-hal.c:69: break;
                                    496 ;	uart-hal.c:72: case UART2:
      000018 80 06            [24]  497 	sjmp	00103$
      00001A                        498 00102$:
                                    499 ;	uart-hal.c:73: result = &UART2_inputBuffer;
      00001A 7Cr27            [12]  500 	mov	r4,#_UART2_inputBuffer
      00001C 7D 00            [12]  501 	mov	r5,#0x00
      00001E 7E 60            [12]  502 	mov	r6,#0x60
                                    503 ;	uart-hal.c:86: }
      000020                        504 00103$:
                                    505 ;	uart-hal.c:88: return result;
      000020 8C 82            [24]  506 	mov	dpl,r4
      000022 8D 83            [24]  507 	mov	dph,r5
      000024 8E F0            [24]  508 	mov	b,r6
                                    509 ;	uart-hal.c:89: }
      000026 22               [24]  510 	ret
                                    511 ;------------------------------------------------------------
                                    512 ;Allocation info for local variables in function 'outputBuffer'
                                    513 ;------------------------------------------------------------
                                    514 ;	uart-hal.c:91: static UartBuffer *outputBuffer(Uart uart) {
                                    515 ;	-----------------------------------------
                                    516 ;	 function outputBuffer
                                    517 ;	-----------------------------------------
      000027                        518 _outputBuffer:
      000027 AF 82            [24]  519 	mov	r7,dpl
                                    520 ;	uart-hal.c:92: UartBuffer *result = NULL;
      000029 7C 00            [12]  521 	mov	r4,#0x00
      00002B 7D 00            [12]  522 	mov	r5,#0x00
      00002D 7E 00            [12]  523 	mov	r6,#0x00
                                    524 ;	uart-hal.c:94: switch (uart) {
      00002F BF 01 02         [24]  525 	cjne	r7,#0x01,00114$
      000032 80 05            [24]  526 	sjmp	00101$
      000034                        527 00114$:
                                    528 ;	uart-hal.c:95: case UART1:
      000034 BF 02 10         [24]  529 	cjne	r7,#0x02,00103$
      000037 80 08            [24]  530 	sjmp	00102$
      000039                        531 00101$:
                                    532 ;	uart-hal.c:96: result = &UART1_outputBuffer;
      000039 7Cr13            [12]  533 	mov	r4,#_UART1_outputBuffer
      00003B 7D 00            [12]  534 	mov	r5,#0x00
      00003D 7E 60            [12]  535 	mov	r6,#0x60
                                    536 ;	uart-hal.c:97: break;
                                    537 ;	uart-hal.c:100: case UART2:
      00003F 80 06            [24]  538 	sjmp	00103$
      000041                        539 00102$:
                                    540 ;	uart-hal.c:101: result = &UART2_outputBuffer;
      000041 7Cr3A            [12]  541 	mov	r4,#_UART2_outputBuffer
      000043 7D 00            [12]  542 	mov	r5,#0x00
      000045 7E 60            [12]  543 	mov	r6,#0x60
                                    544 ;	uart-hal.c:114: }
      000047                        545 00103$:
                                    546 ;	uart-hal.c:116: return result;
      000047 8C 82            [24]  547 	mov	dpl,r4
      000049 8D 83            [24]  548 	mov	dph,r5
      00004B 8E F0            [24]  549 	mov	b,r6
                                    550 ;	uart-hal.c:117: }
      00004D 22               [24]  551 	ret
                                    552 ;------------------------------------------------------------
                                    553 ;Allocation info for local variables in function 'uartMode'
                                    554 ;------------------------------------------------------------
                                    555 ;	uart-hal.c:119: static UartMode uartMode(Uart uart) {
                                    556 ;	-----------------------------------------
                                    557 ;	 function uartMode
                                    558 ;	-----------------------------------------
      00004E                        559 _uartMode:
      00004E AF 82            [24]  560 	mov	r7,dpl
                                    561 ;	uart-hal.c:120: UartMode result = UART_8N1;
      000050 7E 00            [12]  562 	mov	r6,#0x00
                                    563 ;	uart-hal.c:122: switch (uart) {
      000052 BF 01 02         [24]  564 	cjne	r7,#0x01,00114$
      000055 80 05            [24]  565 	sjmp	00101$
      000057                        566 00114$:
                                    567 ;	uart-hal.c:123: case UART1:
      000057 BF 02 0C         [24]  568 	cjne	r7,#0x02,00103$
      00005A 80 06            [24]  569 	sjmp	00102$
      00005C                        570 00101$:
                                    571 ;	uart-hal.c:124: result = UART1_mode;
      00005C 78r26            [12]  572 	mov	r0,#_UART1_mode
      00005E E2               [24]  573 	movx	a,@r0
      00005F FE               [12]  574 	mov	r6,a
                                    575 ;	uart-hal.c:125: break;
                                    576 ;	uart-hal.c:128: case UART2:
      000060 80 04            [24]  577 	sjmp	00103$
      000062                        578 00102$:
                                    579 ;	uart-hal.c:129: result = UART2_mode;
      000062 78r4D            [12]  580 	mov	r0,#_UART2_mode
      000064 E2               [24]  581 	movx	a,@r0
      000065 FE               [12]  582 	mov	r6,a
                                    583 ;	uart-hal.c:142: }
      000066                        584 00103$:
                                    585 ;	uart-hal.c:144: return result;
      000066 8E 82            [24]  586 	mov	dpl,r6
                                    587 ;	uart-hal.c:145: }
      000068 22               [24]  588 	ret
                                    589 ;------------------------------------------------------------
                                    590 ;Allocation info for local variables in function 'uartReceiveBufferEmpty'
                                    591 ;------------------------------------------------------------
                                    592 ;	uart-hal.c:147: uint8_t uartReceiveBufferEmpty(Uart uart) {
                                    593 ;	-----------------------------------------
                                    594 ;	 function uartReceiveBufferEmpty
                                    595 ;	-----------------------------------------
      000069                        596 _uartReceiveBufferEmpty:
                                    597 ;	uart-hal.c:148: return uartBufferLength(inputBuffer(uart)) == 0;
      000069 12r00r00         [24]  598 	lcall	_inputBuffer
      00006C 12r00r00         [24]  599 	lcall	_uartBufferLength
      00006F AF 82            [24]  600 	mov	r7,dpl
      000071 E4               [12]  601 	clr	a
      000072 BF 00 01         [24]  602 	cjne	r7,#0x00,00103$
      000075 04               [12]  603 	inc	a
      000076                        604 00103$:
      000076 F5 82            [12]  605 	mov	dpl,a
                                    606 ;	uart-hal.c:149: }
      000078 22               [24]  607 	ret
                                    608 ;------------------------------------------------------------
                                    609 ;Allocation info for local variables in function 'uartReceiveBufferFull'
                                    610 ;------------------------------------------------------------
                                    611 ;	uart-hal.c:151: uint8_t uartReceiveBufferFull(Uart uart) {
                                    612 ;	-----------------------------------------
                                    613 ;	 function uartReceiveBufferFull
                                    614 ;	-----------------------------------------
      000079                        615 _uartReceiveBufferFull:
                                    616 ;	uart-hal.c:152: return uartBufferLength(inputBuffer(uart)) == UART_BUFFER_SIZE;
      000079 12r00r00         [24]  617 	lcall	_inputBuffer
      00007C 12r00r00         [24]  618 	lcall	_uartBufferLength
      00007F AF 82            [24]  619 	mov	r7,dpl
      000081 E4               [12]  620 	clr	a
      000082 BF 10 01         [24]  621 	cjne	r7,#0x10,00103$
      000085 04               [12]  622 	inc	a
      000086                        623 00103$:
      000086 F5 82            [12]  624 	mov	dpl,a
                                    625 ;	uart-hal.c:153: }
      000088 22               [24]  626 	ret
                                    627 ;------------------------------------------------------------
                                    628 ;Allocation info for local variables in function 'uartTransmitBufferEmpty'
                                    629 ;------------------------------------------------------------
                                    630 ;	uart-hal.c:155: uint8_t uartTransmitBufferEmpty(Uart uart) {
                                    631 ;	-----------------------------------------
                                    632 ;	 function uartTransmitBufferEmpty
                                    633 ;	-----------------------------------------
      000089                        634 _uartTransmitBufferEmpty:
                                    635 ;	uart-hal.c:156: return uartBufferLength(outputBuffer(uart)) == 0;
      000089 12r00r27         [24]  636 	lcall	_outputBuffer
      00008C 12r00r00         [24]  637 	lcall	_uartBufferLength
      00008F AF 82            [24]  638 	mov	r7,dpl
      000091 E4               [12]  639 	clr	a
      000092 BF 00 01         [24]  640 	cjne	r7,#0x00,00103$
      000095 04               [12]  641 	inc	a
      000096                        642 00103$:
      000096 F5 82            [12]  643 	mov	dpl,a
                                    644 ;	uart-hal.c:157: }
      000098 22               [24]  645 	ret
                                    646 ;------------------------------------------------------------
                                    647 ;Allocation info for local variables in function 'uartTransmitBufferFull'
                                    648 ;------------------------------------------------------------
                                    649 ;	uart-hal.c:159: uint8_t uartTransmitBufferFull(Uart uart) {
                                    650 ;	-----------------------------------------
                                    651 ;	 function uartTransmitBufferFull
                                    652 ;	-----------------------------------------
      000099                        653 _uartTransmitBufferFull:
                                    654 ;	uart-hal.c:160: return uartBufferLength(outputBuffer(uart)) == UART_BUFFER_SIZE;
      000099 12r00r27         [24]  655 	lcall	_outputBuffer
      00009C 12r00r00         [24]  656 	lcall	_uartBufferLength
      00009F AF 82            [24]  657 	mov	r7,dpl
      0000A1 E4               [12]  658 	clr	a
      0000A2 BF 10 01         [24]  659 	cjne	r7,#0x10,00103$
      0000A5 04               [12]  660 	inc	a
      0000A6                        661 00103$:
      0000A6 F5 82            [12]  662 	mov	dpl,a
                                    663 ;	uart-hal.c:161: }
      0000A8 22               [24]  664 	ret
                                    665 ;------------------------------------------------------------
                                    666 ;Allocation info for local variables in function 'uartInitialise'
                                    667 ;------------------------------------------------------------
                                    668 ;sloc0                     Allocated with name '_uartInitialise_sloc0_1_0'
                                    669 ;------------------------------------------------------------
                                    670 ;	uart-hal.c:168: Timer_Status uartInitialise(Uart uart, uint32_t baudRate, UartBaudRateTimer baudRateTimer, UartMode mode, uint8_t pinSwitch) {
                                    671 ;	-----------------------------------------
                                    672 ;	 function uartInitialise
                                    673 ;	-----------------------------------------
      0000A9                        674 _uartInitialise:
      0000A9 AF 82            [24]  675 	mov	r7,dpl
                                    676 ;	uart-hal.c:169: Timer_Status rc = TIMER_FREQUENCY_OK;
      0000AB 7E 00            [12]  677 	mov	r6,#0x00
                                    678 ;	uart-hal.c:174: if (uart != UART1 || mode == UART_8N1) {
      0000AD BF 01 05         [24]  679 	cjne	r7,#0x01,00101$
      0000B0 78r53            [12]  680 	mov	r0,#_uartInitialise_PARM_4
      0000B2 E2               [24]  681 	movx	a,@r0
      0000B3 70 51            [24]  682 	jnz	00102$
      0000B5                        683 00101$:
                                    684 ;	uart-hal.c:175: Timer timer = (baudRateTimer == UART_USE_TIMER2)
      0000B5 78r52            [12]  685 	mov	r0,#_uartInitialise_PARM_3
      0000B7 E2               [24]  686 	movx	a,@r0
      0000B8 70 05            [24]  687 	jnz	00134$
      0000BA 7C 02            [12]  688 	mov	r4,#0x02
      0000BC FD               [12]  689 	mov	r5,a
      0000BD 80 04            [24]  690 	sjmp	00135$
      0000BF                        691 00134$:
      0000BF 8F 04            [24]  692 	mov	ar4,r7
      0000C1 7D 00            [12]  693 	mov	r5,#0x00
      0000C3                        694 00135$:
      0000C3 C0 07            [24]  695 	push	ar7
                                    696 ;	uart-hal.c:182: baudRateToSysclkDivisor(baudRate), 
      0000C5 78r4E            [12]  697 	mov	r0,#_uartInitialise_PARM_2
      0000C7 E2               [24]  698 	movx	a,@r0
      0000C8 F5 82            [12]  699 	mov	dpl,a
      0000CA 08               [12]  700 	inc	r0
      0000CB E2               [24]  701 	movx	a,@r0
      0000CC F5 83            [12]  702 	mov	dph,a
      0000CE 08               [12]  703 	inc	r0
      0000CF E2               [24]  704 	movx	a,@r0
      0000D0 F5 F0            [12]  705 	mov	b,a
      0000D2 08               [12]  706 	inc	r0
      0000D3 E2               [24]  707 	movx	a,@r0
      0000D4 C0 04            [24]  708 	push	ar4
      0000D6 12r00r00         [24]  709 	lcall	_baudRateToSysclkDivisor
      0000D9 AA 82            [24]  710 	mov	r2,dpl
      0000DB AB 83            [24]  711 	mov	r3,dph
      0000DD AD F0            [24]  712 	mov	r5,b
      0000DF FF               [12]  713 	mov	r7,a
      0000E0 D0 04            [24]  714 	pop	ar4
                                    715 ;	uart-hal.c:185: TIMER_FREE_RUNNING
      0000E2 78r00            [12]  716 	mov	r0,#_startTimer_PARM_2
      0000E4 EA               [12]  717 	mov	a,r2
      0000E5 F2               [24]  718 	movx	@r0,a
      0000E6 EB               [12]  719 	mov	a,r3
      0000E7 08               [12]  720 	inc	r0
      0000E8 F2               [24]  721 	movx	@r0,a
      0000E9 ED               [12]  722 	mov	a,r5
      0000EA 08               [12]  723 	inc	r0
      0000EB F2               [24]  724 	movx	@r0,a
      0000EC EF               [12]  725 	mov	a,r7
      0000ED 08               [12]  726 	inc	r0
      0000EE F2               [24]  727 	movx	@r0,a
      0000EF 78r00            [12]  728 	mov	r0,#_startTimer_PARM_3
      0000F1 E4               [12]  729 	clr	a
      0000F2 F2               [24]  730 	movx	@r0,a
      0000F3 78r00            [12]  731 	mov	r0,#_startTimer_PARM_4
      0000F5 F2               [24]  732 	movx	@r0,a
      0000F6 78r00            [12]  733 	mov	r0,#_startTimer_PARM_5
      0000F8 F2               [24]  734 	movx	@r0,a
      0000F9 8C 82            [24]  735 	mov	dpl,r4
      0000FB C0 07            [24]  736 	push	ar7
      0000FD 12r00r00         [24]  737 	lcall	_startTimer
      000100 AE 82            [24]  738 	mov	r6,dpl
      000102 D0 07            [24]  739 	pop	ar7
                                    740 ;	uart-hal.c:336: return rc;
      000104 D0 07            [24]  741 	pop	ar7
                                    742 ;	uart-hal.c:185: TIMER_FREE_RUNNING
      000106                        743 00102$:
                                    744 ;	uart-hal.c:189: if (rc == TIMER_FREQUENCY_OK) {
      000106 EE               [12]  745 	mov	a,r6
      000107 60 03            [24]  746 	jz	00214$
      000109 02r02r47         [24]  747 	ljmp	00131$
      00010C                        748 00214$:
                                    749 ;	uart-hal.c:190: uartBufferInitialise(inputBuffer(uart));
      00010C 8F 82            [24]  750 	mov	dpl,r7
      00010E C0 07            [24]  751 	push	ar7
      000110 C0 06            [24]  752 	push	ar6
      000112 12r00r00         [24]  753 	lcall	_inputBuffer
      000115 12r00r00         [24]  754 	lcall	_uartBufferInitialise
      000118 D0 06            [24]  755 	pop	ar6
      00011A D0 07            [24]  756 	pop	ar7
                                    757 ;	uart-hal.c:191: uartBufferInitialise(outputBuffer(uart));
      00011C 8F 82            [24]  758 	mov	dpl,r7
      00011E C0 07            [24]  759 	push	ar7
      000120 C0 06            [24]  760 	push	ar6
      000122 12r00r27         [24]  761 	lcall	_outputBuffer
      000125 12r00r00         [24]  762 	lcall	_uartBufferInitialise
      000128 D0 06            [24]  763 	pop	ar6
      00012A D0 07            [24]  764 	pop	ar7
                                    765 ;	uart-hal.c:193: uint8_t operationMode = 0;
      00012C 7D 00            [12]  766 	mov	r5,#0x00
                                    767 ;	uart-hal.c:195: switch (mode) {
      00012E 78r53            [12]  768 	mov	r0,#_uartInitialise_PARM_4
      000130 C3               [12]  769 	clr	c
      000131 E2               [24]  770 	movx	a,@r0
      000132 F5 F0            [12]  771 	mov	b,a
      000134 74 03            [12]  772 	mov	a,#0x03
      000136 95 F0            [12]  773 	subb	a,b
      000138 40 39            [24]  774 	jc	00113$
      00013A 78r53            [12]  775 	mov	r0,#_uartInitialise_PARM_4
      00013C E2               [24]  776 	movx	a,@r0
      00013D 75 F0 03         [24]  777 	mov	b,#0x03
      000140 A4               [48]  778 	mul	ab
      000141 90r01r45         [24]  779 	mov	dptr,#00216$
      000144 73               [24]  780 	jmp	@a+dptr
      000145                        781 00216$:
      000145 02r01r51         [24]  782 	ljmp	00104$
      000148 02r01r58         [24]  783 	ljmp	00109$
      00014B 02r01r58         [24]  784 	ljmp	00109$
      00014E 02r01r58         [24]  785 	ljmp	00109$
                                    786 ;	uart-hal.c:196: case UART_8N1:
      000151                        787 00104$:
                                    788 ;	uart-hal.c:197: if (uart == UART1) {
      000151 BF 01 1F         [24]  789 	cjne	r7,#0x01,00113$
                                    790 ;	uart-hal.c:198: operationMode = 1;
      000154 7D 01            [12]  791 	mov	r5,#0x01
                                    792 ;	uart-hal.c:200: break;
                                    793 ;	uart-hal.c:204: case UART_MULTI_MACHINE:
      000156 80 1B            [24]  794 	sjmp	00113$
      000158                        795 00109$:
                                    796 ;	uart-hal.c:205: if (uart == UART1) {
      000158 BF 01 16         [24]  797 	cjne	r7,#0x01,00111$
                                    798 ;	uart-hal.c:206: operationMode = 2 | ((baudRate & 2) >> 1);
      00015B 78r4E            [12]  799 	mov	r0,#_uartInitialise_PARM_2
      00015D E2               [24]  800 	movx	a,@r0
      00015E FB               [12]  801 	mov	r3,a
      00015F 08               [12]  802 	inc	r0
      000160 E2               [24]  803 	movx	a,@r0
      000161 53 03 02         [24]  804 	anl	ar3,#0x02
      000164 E4               [12]  805 	clr	a
      000165 C3               [12]  806 	clr	c
      000166 13               [12]  807 	rrc	a
      000167 CB               [12]  808 	xch	a,r3
      000168 13               [12]  809 	rrc	a
      000169 CB               [12]  810 	xch	a,r3
      00016A FC               [12]  811 	mov	r4,a
      00016B 74 02            [12]  812 	mov	a,#0x02
      00016D 4B               [12]  813 	orl	a,r3
      00016E FD               [12]  814 	mov	r5,a
      00016F 80 02            [24]  815 	sjmp	00113$
      000171                        816 00111$:
                                    817 ;	uart-hal.c:208: operationMode = 1;
      000171 7D 01            [12]  818 	mov	r5,#0x01
                                    819 ;	uart-hal.c:211: }
      000173                        820 00113$:
                                    821 ;	uart-hal.c:213: uint8_t scon = ((mode == UART_MULTI_MACHINE) ? M_SM2 : 0)
      000173 78r53            [12]  822 	mov	r0,#_uartInitialise_PARM_4
      000175 E2               [24]  823 	movx	a,@r0
      000176 B4 03 06         [24]  824 	cjne	a,#0x03,00136$
      000179 7B 20            [12]  825 	mov	r3,#0x20
      00017B 7C 00            [12]  826 	mov	r4,#0x00
      00017D 80 04            [24]  827 	sjmp	00137$
      00017F                        828 00136$:
      00017F 7B 00            [12]  829 	mov	r3,#0x00
      000181 7C 00            [12]  830 	mov	r4,#0x00
      000183                        831 00137$:
      000183 ED               [12]  832 	mov	a,r5
      000184 30 E1 08         [24]  833 	jnb	acc.1,00138$
      000187 75*00 80         [24]  834 	mov	_uartInitialise_sloc0_1_0,#0x80
      00018A 75*01 00         [24]  835 	mov	(_uartInitialise_sloc0_1_0 + 1),#0x00
      00018D 80 05            [24]  836 	sjmp	00139$
      00018F                        837 00138$:
      00018F E4               [12]  838 	clr	a
      000190 F5*00            [12]  839 	mov	_uartInitialise_sloc0_1_0,a
      000192 F5*01            [12]  840 	mov	(_uartInitialise_sloc0_1_0 + 1),a
      000194                        841 00139$:
      000194 E5*00            [12]  842 	mov	a,_uartInitialise_sloc0_1_0
      000196 4B               [12]  843 	orl	a,r3
      000197 44 10            [12]  844 	orl	a,#0x10
      000199 FC               [12]  845 	mov	r4,a
                                    846 ;	uart-hal.c:216: switch (uart) {
      00019A BF 01 02         [24]  847 	cjne	r7,#0x01,00224$
      00019D 80 09            [24]  848 	sjmp	00114$
      00019F                        849 00224$:
      00019F BF 02 03         [24]  850 	cjne	r7,#0x02,00225$
      0001A2 02r02r27         [24]  851 	ljmp	00128$
      0001A5                        852 00225$:
      0001A5 02r02r47         [24]  853 	ljmp	00131$
                                    854 ;	uart-hal.c:217: case UART1:
      0001A8                        855 00114$:
                                    856 ;	uart-hal.c:219: switch (operationMode) {
      0001A8 BD 01 02         [24]  857 	cjne	r5,#0x01,00226$
      0001AB 80 0A            [24]  858 	sjmp	00115$
      0001AD                        859 00226$:
      0001AD BD 02 02         [24]  860 	cjne	r5,#0x02,00227$
      0001B0 80 14            [24]  861 	sjmp	00119$
      0001B2                        862 00227$:
                                    863 ;	uart-hal.c:220: case 1:
      0001B2 BD 03 55         [24]  864 	cjne	r5,#0x03,00127$
      0001B5 80 32            [24]  865 	sjmp	00123$
      0001B7                        866 00115$:
                                    867 ;	uart-hal.c:221: if (baudRateTimer == UART_USE_TIMER2) {
      0001B7 78r52            [12]  868 	mov	r0,#_uartInitialise_PARM_3
      0001B9 E2               [24]  869 	movx	a,@r0
      0001BA 70 05            [24]  870 	jnz	00117$
                                    871 ;	uart-hal.c:222: AUXR |= M_S1ST2;
      0001BC 43 8E 01         [24]  872 	orl	_AUXR,#0x01
      0001BF 80 49            [24]  873 	sjmp	00127$
      0001C1                        874 00117$:
                                    875 ;	uart-hal.c:224: AUXR &= ~M_S1ST2;
      0001C1 53 8E FE         [24]  876 	anl	_AUXR,#0xfe
                                    877 ;	uart-hal.c:226: break;
                                    878 ;	uart-hal.c:228: case 2:
      0001C4 80 44            [24]  879 	sjmp	00127$
      0001C6                        880 00119$:
                                    881 ;	uart-hal.c:230: if (baudRate & 1) {
      0001C6 78r4E            [12]  882 	mov	r0,#_uartInitialise_PARM_2
      0001C8 E2               [24]  883 	movx	a,@r0
      0001C9 54 01            [12]  884 	anl	a,#0x01
      0001CB 70 12            [24]  885 	jnz	00230$
      0001CD 08               [12]  886 	inc	r0
      0001CE E2               [24]  887 	movx	a,@r0
      0001CF 54 00            [12]  888 	anl	a,#0x00
      0001D1 70 0C            [24]  889 	jnz	00230$
      0001D3 08               [12]  890 	inc	r0
      0001D4 E2               [24]  891 	movx	a,@r0
      0001D5 54 00            [12]  892 	anl	a,#0x00
      0001D7 70 06            [24]  893 	jnz	00230$
      0001D9 08               [12]  894 	inc	r0
      0001DA E2               [24]  895 	movx	a,@r0
      0001DB 54 00            [12]  896 	anl	a,#0x00
      0001DD 60 05            [24]  897 	jz	00121$
      0001DF                        898 00230$:
                                    899 ;	uart-hal.c:231: PCON |= M_SMOD;
      0001DF 43 87 80         [24]  900 	orl	_PCON,#0x80
      0001E2 80 26            [24]  901 	sjmp	00127$
      0001E4                        902 00121$:
                                    903 ;	uart-hal.c:233: PCON &= ~M_SMOD;
      0001E4 53 87 7F         [24]  904 	anl	_PCON,#0x7f
                                    905 ;	uart-hal.c:235: break;
                                    906 ;	uart-hal.c:237: case 3:
      0001E7 80 21            [24]  907 	sjmp	00127$
      0001E9                        908 00123$:
                                    909 ;	uart-hal.c:239: if (baudRate & 1) {
      0001E9 78r4E            [12]  910 	mov	r0,#_uartInitialise_PARM_2
      0001EB E2               [24]  911 	movx	a,@r0
      0001EC 54 01            [12]  912 	anl	a,#0x01
      0001EE 70 12            [24]  913 	jnz	00231$
      0001F0 08               [12]  914 	inc	r0
      0001F1 E2               [24]  915 	movx	a,@r0
      0001F2 54 00            [12]  916 	anl	a,#0x00
      0001F4 70 0C            [24]  917 	jnz	00231$
      0001F6 08               [12]  918 	inc	r0
      0001F7 E2               [24]  919 	movx	a,@r0
      0001F8 54 00            [12]  920 	anl	a,#0x00
      0001FA 70 06            [24]  921 	jnz	00231$
      0001FC 08               [12]  922 	inc	r0
      0001FD E2               [24]  923 	movx	a,@r0
      0001FE 54 00            [12]  924 	anl	a,#0x00
      000200 60 05            [24]  925 	jz	00125$
      000202                        926 00231$:
                                    927 ;	uart-hal.c:240: AUXR |= M_UART_M0x6;
      000202 43 8E 20         [24]  928 	orl	_AUXR,#0x20
      000205 80 03            [24]  929 	sjmp	00127$
      000207                        930 00125$:
                                    931 ;	uart-hal.c:242: AUXR &= ~M_UART_M0x6;
      000207 53 8E DF         [24]  932 	anl	_AUXR,#0xdf
                                    933 ;	uart-hal.c:245: }
      00020A                        934 00127$:
                                    935 ;	uart-hal.c:253: UART1_mode = mode;
      00020A 78r53            [12]  936 	mov	r0,#_uartInitialise_PARM_4
      00020C E2               [24]  937 	movx	a,@r0
      00020D 78r26            [12]  938 	mov	r0,#_UART1_mode
      00020F F2               [24]  939 	movx	@r0,a
                                    940 ;	uart-hal.c:256: S1CON = scon | ((operationMode & 1) ? M_SM1 : 0);
      000210 ED               [12]  941 	mov	a,r5
      000211 30 E0 06         [24]  942 	jnb	acc.0,00140$
      000214 7D 40            [12]  943 	mov	r5,#0x40
      000216 7F 00            [12]  944 	mov	r7,#0x00
      000218 80 04            [24]  945 	sjmp	00141$
      00021A                        946 00140$:
      00021A 7D 00            [12]  947 	mov	r5,#0x00
      00021C 7F 00            [12]  948 	mov	r7,#0x00
      00021E                        949 00141$:
      00021E ED               [12]  950 	mov	a,r5
      00021F 4C               [12]  951 	orl	a,r4
      000220 F5 98            [12]  952 	mov	_S1CON,a
                                    953 ;	uart-hal.c:259: IE1 |= M_ES1;
      000222 43 A8 10         [24]  954 	orl	_IE1,#0x10
                                    955 ;	uart-hal.c:260: break;
                                    956 ;	uart-hal.c:263: case UART2:
      000225 80 20            [24]  957 	sjmp	00131$
      000227                        958 00128$:
                                    959 ;	uart-hal.c:268: UART2_mode = mode;
      000227 78r53            [12]  960 	mov	r0,#_uartInitialise_PARM_4
      000229 E2               [24]  961 	movx	a,@r0
      00022A 78r4D            [12]  962 	mov	r0,#_UART2_mode
      00022C F2               [24]  963 	movx	@r0,a
                                    964 ;	uart-hal.c:280: P_SW1 = (P_SW1 & ~M_S2_S) | ((pinSwitch << P_S2_S) & M_S2_S);
      00022D 74 EF            [12]  965 	mov	a,#0xef
      00022F 55 A2            [12]  966 	anl	a,_P_SW1
      000231 FF               [12]  967 	mov	r7,a
      000232 78r54            [12]  968 	mov	r0,#_uartInitialise_PARM_5
      000234 E2               [24]  969 	movx	a,@r0
      000235 C4               [12]  970 	swap	a
      000236 54 F0            [12]  971 	anl	a,#0xf0
      000238 FD               [12]  972 	mov	r5,a
      000239 74 10            [12]  973 	mov	a,#0x10
      00023B 5D               [12]  974 	anl	a,r5
      00023C 4F               [12]  975 	orl	a,r7
      00023D F5 A2            [12]  976 	mov	_P_SW1,a
                                    977 ;	uart-hal.c:282: S2CON = scon | M_SM1; // Yes, that's not a mistake, see TRM.
      00023F 74 40            [12]  978 	mov	a,#0x40
      000241 4C               [12]  979 	orl	a,r4
      000242 F5 9A            [12]  980 	mov	_S2CON,a
                                    981 ;	uart-hal.c:286: IE2 |= M_ES2;
      000244 43 AF 01         [24]  982 	orl	_IE2,#0x01
                                    983 ;	uart-hal.c:333: }
      000247                        984 00131$:
                                    985 ;	uart-hal.c:336: return rc;
      000247 8E 82            [24]  986 	mov	dpl,r6
                                    987 ;	uart-hal.c:337: }
      000249 22               [24]  988 	ret
                                    989 ;------------------------------------------------------------
                                    990 ;Allocation info for local variables in function '__uart1_isr'
                                    991 ;------------------------------------------------------------
                                    992 ;	uart-hal.c:339: INTERRUPT_USING(__uart1_isr, UART1_INTERRUPT, 1) CRITICAL {
                                    993 ;	-----------------------------------------
                                    994 ;	 function __uart1_isr
                                    995 ;	-----------------------------------------
      00024A                        996 ___uart1_isr:
                           00000F   997 	ar7 = 0x0f
                           00000E   998 	ar6 = 0x0e
                           00000D   999 	ar5 = 0x0d
                           00000C  1000 	ar4 = 0x0c
                           00000B  1001 	ar3 = 0x0b
                           00000A  1002 	ar2 = 0x0a
                           000009  1003 	ar1 = 0x09
                           000008  1004 	ar0 = 0x08
      00024A C2 AF            [12] 1005 	clr	ea
      00024C C0*00            [24] 1006 	push	bits
      00024E C0 E0            [24] 1007 	push	acc
      000250 C0 F0            [24] 1008 	push	b
      000252 C0 82            [24] 1009 	push	dpl
      000254 C0 83            [24] 1010 	push	dph
      000256 C0 07            [24] 1011 	push	(0+7)
      000258 C0 06            [24] 1012 	push	(0+6)
      00025A C0 05            [24] 1013 	push	(0+5)
      00025C C0 04            [24] 1014 	push	(0+4)
      00025E C0 03            [24] 1015 	push	(0+3)
      000260 C0 02            [24] 1016 	push	(0+2)
      000262 C0 01            [24] 1017 	push	(0+1)
      000264 C0 00            [24] 1018 	push	(0+0)
      000266 C0 D0            [24] 1019 	push	psw
      000268 75 D0 08         [24] 1020 	mov	psw,#0x08
                                   1021 ;	uart-hal.c:340: if (S1CON & M_TI) {
      00026B E5 98            [12] 1022 	mov	a,_S1CON
      00026D 30 E1 2E         [24] 1023 	jnb	acc.1,00105$
                                   1024 ;	uart-hal.c:341: S1CON &= ~M_TI;
      000270 53 98 FD         [24] 1025 	anl	_S1CON,#0xfd
                                   1026 ;	uart-hal.c:343: if (uartBufferLength(&UART1_outputBuffer) > 0) {
      000273 90r00r13         [24] 1027 	mov	dptr,#_UART1_outputBuffer
      000276 75 F0 60         [24] 1028 	mov	b,#0x60
      000279 75 D0 00         [24] 1029 	mov	psw,#0x00
      00027C 12r00r00         [24] 1030 	lcall	_uartBufferLength
      00027F 75 D0 08         [24] 1031 	mov	psw,#0x08
      000282 E5 82            [12] 1032 	mov	a,dpl
      000284 60 14            [24] 1033 	jz	00102$
                                   1034 ;	uart-hal.c:344: S1BUF = uartBufferRead(&UART1_outputBuffer);
      000286 90r00r13         [24] 1035 	mov	dptr,#_UART1_outputBuffer
      000289 75 F0 60         [24] 1036 	mov	b,#0x60
      00028C 75 D0 00         [24] 1037 	mov	psw,#0x00
      00028F 12r00r00         [24] 1038 	lcall	_uartBufferRead
      000292 75 D0 08         [24] 1039 	mov	psw,#0x08
      000295 85 82 99         [24] 1040 	mov	_S1BUF,dpl
      000298 80 04            [24] 1041 	sjmp	00105$
      00029A                       1042 00102$:
                                   1043 ;	uart-hal.c:346: UART1_outputBuffer.busy = 0;
      00029A 78r25            [12] 1044 	mov	r0,#(_UART1_outputBuffer + 0x0012)
      00029C E4               [12] 1045 	clr	a
      00029D F2               [24] 1046 	movx	@r0,a
      00029E                       1047 00105$:
                                   1048 ;	uart-hal.c:350: if (S1CON & M_RI) {
      00029E E5 98            [12] 1049 	mov	a,_S1CON
      0002A0 30 E0 16         [24] 1050 	jnb	acc.0,00108$
                                   1051 ;	uart-hal.c:351: S1CON &= ~M_RI;
      0002A3 53 98 FE         [24] 1052 	anl	_S1CON,#0xfe
                                   1053 ;	uart-hal.c:352: uartBufferWrite(&UART1_inputBuffer, S1BUF);
      0002A6 C0 99            [24] 1054 	push	_S1BUF
      0002A8 90r00r00         [24] 1055 	mov	dptr,#_UART1_inputBuffer
      0002AB 75 F0 60         [24] 1056 	mov	b,#0x60
      0002AE 75 D0 00         [24] 1057 	mov	psw,#0x00
      0002B1 12r00r00         [24] 1058 	lcall	_uartBufferWrite
      0002B4 75 D0 08         [24] 1059 	mov	psw,#0x08
      0002B7 15 81            [12] 1060 	dec	sp
      0002B9                       1061 00108$:
                                   1062 ;	uart-hal.c:354: }
      0002B9 D0 D0            [24] 1063 	pop	psw
      0002BB D0 00            [24] 1064 	pop	(0+0)
      0002BD D0 01            [24] 1065 	pop	(0+1)
      0002BF D0 02            [24] 1066 	pop	(0+2)
      0002C1 D0 03            [24] 1067 	pop	(0+3)
      0002C3 D0 04            [24] 1068 	pop	(0+4)
      0002C5 D0 05            [24] 1069 	pop	(0+5)
      0002C7 D0 06            [24] 1070 	pop	(0+6)
      0002C9 D0 07            [24] 1071 	pop	(0+7)
      0002CB D0 83            [24] 1072 	pop	dph
      0002CD D0 82            [24] 1073 	pop	dpl
      0002CF D0 F0            [24] 1074 	pop	b
      0002D1 D0 E0            [24] 1075 	pop	acc
      0002D3 D0*00            [24] 1076 	pop	bits
      0002D5 D2 AF            [12] 1077 	setb	ea
      0002D7 32               [24] 1078 	reti
                                   1079 ;------------------------------------------------------------
                                   1080 ;Allocation info for local variables in function '__uart2_isr'
                                   1081 ;------------------------------------------------------------
                                   1082 ;	uart-hal.c:357: INTERRUPT_USING(__uart2_isr, UART2_INTERRUPT, 1) CRITICAL {
                                   1083 ;	-----------------------------------------
                                   1084 ;	 function __uart2_isr
                                   1085 ;	-----------------------------------------
      0002D8                       1086 ___uart2_isr:
      0002D8 C2 AF            [12] 1087 	clr	ea
      0002DA C0*00            [24] 1088 	push	bits
      0002DC C0 E0            [24] 1089 	push	acc
      0002DE C0 F0            [24] 1090 	push	b
      0002E0 C0 82            [24] 1091 	push	dpl
      0002E2 C0 83            [24] 1092 	push	dph
      0002E4 C0 07            [24] 1093 	push	(0+7)
      0002E6 C0 06            [24] 1094 	push	(0+6)
      0002E8 C0 05            [24] 1095 	push	(0+5)
      0002EA C0 04            [24] 1096 	push	(0+4)
      0002EC C0 03            [24] 1097 	push	(0+3)
      0002EE C0 02            [24] 1098 	push	(0+2)
      0002F0 C0 01            [24] 1099 	push	(0+1)
      0002F2 C0 00            [24] 1100 	push	(0+0)
      0002F4 C0 D0            [24] 1101 	push	psw
      0002F6 75 D0 08         [24] 1102 	mov	psw,#0x08
                                   1103 ;	uart-hal.c:358: if (S2CON & M_TI) {
      0002F9 E5 9A            [12] 1104 	mov	a,_S2CON
      0002FB 30 E1 2E         [24] 1105 	jnb	acc.1,00105$
                                   1106 ;	uart-hal.c:359: S2CON &= ~M_TI;
      0002FE 53 9A FD         [24] 1107 	anl	_S2CON,#0xfd
                                   1108 ;	uart-hal.c:361: if (uartBufferLength(&UART2_outputBuffer) > 0) {
      000301 90r00r3A         [24] 1109 	mov	dptr,#_UART2_outputBuffer
      000304 75 F0 60         [24] 1110 	mov	b,#0x60
      000307 75 D0 00         [24] 1111 	mov	psw,#0x00
      00030A 12r00r00         [24] 1112 	lcall	_uartBufferLength
      00030D 75 D0 08         [24] 1113 	mov	psw,#0x08
      000310 E5 82            [12] 1114 	mov	a,dpl
      000312 60 14            [24] 1115 	jz	00102$
                                   1116 ;	uart-hal.c:362: S2BUF = uartBufferRead(&UART2_outputBuffer);
      000314 90r00r3A         [24] 1117 	mov	dptr,#_UART2_outputBuffer
      000317 75 F0 60         [24] 1118 	mov	b,#0x60
      00031A 75 D0 00         [24] 1119 	mov	psw,#0x00
      00031D 12r00r00         [24] 1120 	lcall	_uartBufferRead
      000320 75 D0 08         [24] 1121 	mov	psw,#0x08
      000323 85 82 9B         [24] 1122 	mov	_S2BUF,dpl
      000326 80 04            [24] 1123 	sjmp	00105$
      000328                       1124 00102$:
                                   1125 ;	uart-hal.c:364: UART2_outputBuffer.busy = 0;
      000328 78r4C            [12] 1126 	mov	r0,#(_UART2_outputBuffer + 0x0012)
      00032A E4               [12] 1127 	clr	a
      00032B F2               [24] 1128 	movx	@r0,a
      00032C                       1129 00105$:
                                   1130 ;	uart-hal.c:368: if (S2CON & M_RI) {
      00032C E5 9A            [12] 1131 	mov	a,_S2CON
      00032E 30 E0 16         [24] 1132 	jnb	acc.0,00108$
                                   1133 ;	uart-hal.c:369: S2CON &= ~M_RI;
      000331 53 9A FE         [24] 1134 	anl	_S2CON,#0xfe
                                   1135 ;	uart-hal.c:370: uartBufferWrite(&UART2_inputBuffer, S2BUF);
      000334 C0 9B            [24] 1136 	push	_S2BUF
      000336 90r00r27         [24] 1137 	mov	dptr,#_UART2_inputBuffer
      000339 75 F0 60         [24] 1138 	mov	b,#0x60
      00033C 75 D0 00         [24] 1139 	mov	psw,#0x00
      00033F 12r00r00         [24] 1140 	lcall	_uartBufferWrite
      000342 75 D0 08         [24] 1141 	mov	psw,#0x08
      000345 15 81            [12] 1142 	dec	sp
      000347                       1143 00108$:
                                   1144 ;	uart-hal.c:372: }
      000347 D0 D0            [24] 1145 	pop	psw
      000349 D0 00            [24] 1146 	pop	(0+0)
      00034B D0 01            [24] 1147 	pop	(0+1)
      00034D D0 02            [24] 1148 	pop	(0+2)
      00034F D0 03            [24] 1149 	pop	(0+3)
      000351 D0 04            [24] 1150 	pop	(0+4)
      000353 D0 05            [24] 1151 	pop	(0+5)
      000355 D0 06            [24] 1152 	pop	(0+6)
      000357 D0 07            [24] 1153 	pop	(0+7)
      000359 D0 83            [24] 1154 	pop	dph
      00035B D0 82            [24] 1155 	pop	dpl
      00035D D0 F0            [24] 1156 	pop	b
      00035F D0 E0            [24] 1157 	pop	acc
      000361 D0*00            [24] 1158 	pop	bits
      000363 D2 AF            [12] 1159 	setb	ea
      000365 32               [24] 1160 	reti
                                   1161 ;------------------------------------------------------------
                                   1162 ;Allocation info for local variables in function 'uartGetCharacter'
                                   1163 ;------------------------------------------------------------
                                   1164 ;	uart-hal.c:412: uint8_t uartGetCharacter(Uart uart) {
                                   1165 ;	-----------------------------------------
                                   1166 ;	 function uartGetCharacter
                                   1167 ;	-----------------------------------------
      000366                       1168 _uartGetCharacter:
                           000007  1169 	ar7 = 0x07
                           000006  1170 	ar6 = 0x06
                           000005  1171 	ar5 = 0x05
                           000004  1172 	ar4 = 0x04
                           000003  1173 	ar3 = 0x03
                           000002  1174 	ar2 = 0x02
                           000001  1175 	ar1 = 0x01
                           000000  1176 	ar0 = 0x00
                                   1177 ;	uart-hal.c:413: uint8_t result = 0;
      000366 7F 00            [12] 1178 	mov	r7,#0x00
                                   1179 ;	uart-hal.c:414: UartBuffer *buffer = inputBuffer(uart);
      000368 C0 07            [24] 1180 	push	ar7
      00036A 12r00r00         [24] 1181 	lcall	_inputBuffer
                                   1182 ;	uart-hal.c:416: if (uartBufferLength(buffer) > 0) {
      00036D AC 82            [24] 1183 	mov	r4,dpl
      00036F AD 83            [24] 1184 	mov	r5,dph
      000371 AE F0            [24] 1185 	mov	r6,b
      000373 C0 06            [24] 1186 	push	ar6
      000375 C0 05            [24] 1187 	push	ar5
      000377 C0 04            [24] 1188 	push	ar4
      000379 12r00r00         [24] 1189 	lcall	_uartBufferLength
      00037C E5 82            [12] 1190 	mov	a,dpl
      00037E D0 04            [24] 1191 	pop	ar4
      000380 D0 05            [24] 1192 	pop	ar5
      000382 D0 06            [24] 1193 	pop	ar6
      000384 D0 07            [24] 1194 	pop	ar7
      000386 60 0B            [24] 1195 	jz	00102$
                                   1196 ;	uart-hal.c:417: result = uartBufferRead(buffer);
      000388 8C 82            [24] 1197 	mov	dpl,r4
      00038A 8D 83            [24] 1198 	mov	dph,r5
      00038C 8E F0            [24] 1199 	mov	b,r6
      00038E 12r00r00         [24] 1200 	lcall	_uartBufferRead
      000391 AF 82            [24] 1201 	mov	r7,dpl
      000393                       1202 00102$:
                                   1203 ;	uart-hal.c:420: return result;
      000393 8F 82            [24] 1204 	mov	dpl,r7
                                   1205 ;	uart-hal.c:421: }
      000395 22               [24] 1206 	ret
                                   1207 ;------------------------------------------------------------
                                   1208 ;Allocation info for local variables in function 'uartSendCharacter'
                                   1209 ;------------------------------------------------------------
                                   1210 ;	uart-hal.c:423: uint8_t uartSendCharacter(Uart uart, uint8_t c) {
                                   1211 ;	-----------------------------------------
                                   1212 ;	 function uartSendCharacter
                                   1213 ;	-----------------------------------------
      000396                       1214 _uartSendCharacter:
      000396 E5 82            [12] 1215 	mov	a,dpl
      000398 78r56            [12] 1216 	mov	r0,#_uartSendCharacter_uart_65536_97
      00039A F2               [24] 1217 	movx	@r0,a
                                   1218 ;	uart-hal.c:424: UartBuffer *buffer = outputBuffer(uart);
      00039B 78r56            [12] 1219 	mov	r0,#_uartSendCharacter_uart_65536_97
      00039D E2               [24] 1220 	movx	a,@r0
      00039E F5 82            [12] 1221 	mov	dpl,a
      0003A0 12r00r27         [24] 1222 	lcall	_outputBuffer
      0003A3 AC 82            [24] 1223 	mov	r4,dpl
      0003A5 AD 83            [24] 1224 	mov	r5,dph
      0003A7 AE F0            [24] 1225 	mov	r6,b
                                   1226 ;	uart-hal.c:425: uint8_t result = uartBufferWrite(buffer, c);
      0003A9 C0 06            [24] 1227 	push	ar6
      0003AB C0 05            [24] 1228 	push	ar5
      0003AD C0 04            [24] 1229 	push	ar4
      0003AF 78r55            [12] 1230 	mov	r0,#_uartSendCharacter_PARM_2
      0003B1 E2               [24] 1231 	movx	a,@r0
      0003B2 C0 E0            [24] 1232 	push	acc
      0003B4 8C 82            [24] 1233 	mov	dpl,r4
      0003B6 8D 83            [24] 1234 	mov	dph,r5
      0003B8 8E F0            [24] 1235 	mov	b,r6
      0003BA 12r00r00         [24] 1236 	lcall	_uartBufferWrite
      0003BD 78r57            [12] 1237 	mov	r0,#_uartSendCharacter_result_65536_98
      0003BF E5 82            [12] 1238 	mov	a,dpl
      0003C1 F2               [24] 1239 	movx	@r0,a
      0003C2 15 81            [12] 1240 	dec	sp
      0003C4 D0 04            [24] 1241 	pop	ar4
      0003C6 D0 05            [24] 1242 	pop	ar5
      0003C8 D0 06            [24] 1243 	pop	ar6
                                   1244 ;	uart-hal.c:427: if (uartBufferLength(buffer) > 0 && !buffer->busy) {
      0003CA 8C 82            [24] 1245 	mov	dpl,r4
      0003CC 8D 83            [24] 1246 	mov	dph,r5
      0003CE 8E F0            [24] 1247 	mov	b,r6
      0003D0 C0 06            [24] 1248 	push	ar6
      0003D2 C0 05            [24] 1249 	push	ar5
      0003D4 C0 04            [24] 1250 	push	ar4
      0003D6 12r00r00         [24] 1251 	lcall	_uartBufferLength
      0003D9 E5 82            [12] 1252 	mov	a,dpl
      0003DB D0 04            [24] 1253 	pop	ar4
      0003DD D0 05            [24] 1254 	pop	ar5
      0003DF D0 06            [24] 1255 	pop	ar6
      0003E1 60 49            [24] 1256 	jz	00105$
      0003E3 74 12            [12] 1257 	mov	a,#0x12
      0003E5 2C               [12] 1258 	add	a,r4
      0003E6 FA               [12] 1259 	mov	r2,a
      0003E7 E4               [12] 1260 	clr	a
      0003E8 3D               [12] 1261 	addc	a,r5
      0003E9 FB               [12] 1262 	mov	r3,a
      0003EA 8E 07            [24] 1263 	mov	ar7,r6
      0003EC 8A 82            [24] 1264 	mov	dpl,r2
      0003EE 8B 83            [24] 1265 	mov	dph,r3
      0003F0 8F F0            [24] 1266 	mov	b,r7
      0003F2 12r00r00         [24] 1267 	lcall	__gptrget
      0003F5 70 35            [24] 1268 	jnz	00105$
                                   1269 ;	uart-hal.c:428: buffer->busy = 1;
      0003F7 8A 82            [24] 1270 	mov	dpl,r2
      0003F9 8B 83            [24] 1271 	mov	dph,r3
      0003FB 8F F0            [24] 1272 	mov	b,r7
      0003FD 74 01            [12] 1273 	mov	a,#0x01
      0003FF 12r00r00         [24] 1274 	lcall	__gptrput
                                   1275 ;	uart-hal.c:430: switch (uart) {
      000402 78r56            [12] 1276 	mov	r0,#_uartSendCharacter_uart_65536_97
      000404 E2               [24] 1277 	movx	a,@r0
      000405 B4 01 02         [24] 1278 	cjne	a,#0x01,00127$
      000408 80 08            [24] 1279 	sjmp	00101$
      00040A                       1280 00127$:
      00040A 78r56            [12] 1281 	mov	r0,#_uartSendCharacter_uart_65536_97
      00040C E2               [24] 1282 	movx	a,@r0
                                   1283 ;	uart-hal.c:431: case UART1:
      00040D B4 02 1C         [24] 1284 	cjne	a,#0x02,00105$
      000410 80 0E            [24] 1285 	sjmp	00102$
      000412                       1286 00101$:
                                   1287 ;	uart-hal.c:432: S1BUF = uartBufferRead(buffer);
      000412 8C 82            [24] 1288 	mov	dpl,r4
      000414 8D 83            [24] 1289 	mov	dph,r5
      000416 8E F0            [24] 1290 	mov	b,r6
      000418 12r00r00         [24] 1291 	lcall	_uartBufferRead
      00041B 85 82 99         [24] 1292 	mov	_S1BUF,dpl
                                   1293 ;	uart-hal.c:433: break;
                                   1294 ;	uart-hal.c:436: case UART2:
      00041E 80 0C            [24] 1295 	sjmp	00105$
      000420                       1296 00102$:
                                   1297 ;	uart-hal.c:437: S2BUF = uartBufferRead(buffer);
      000420 8C 82            [24] 1298 	mov	dpl,r4
      000422 8D 83            [24] 1299 	mov	dph,r5
      000424 8E F0            [24] 1300 	mov	b,r6
      000426 12r00r00         [24] 1301 	lcall	_uartBufferRead
      000429 85 82 9B         [24] 1302 	mov	_S2BUF,dpl
                                   1303 ;	uart-hal.c:450: }
      00042C                       1304 00105$:
                                   1305 ;	uart-hal.c:453: return result;
      00042C 78r57            [12] 1306 	mov	r0,#_uartSendCharacter_result_65536_98
      00042E E2               [24] 1307 	movx	a,@r0
      00042F F5 82            [12] 1308 	mov	dpl,a
                                   1309 ;	uart-hal.c:454: }
      000431 22               [24] 1310 	ret
                                   1311 	.area CSEG    (CODE)
                                   1312 	.area CONST   (CODE)
                                   1313 	.area XINIT   (CODE)
                                   1314 	.area CABS    (ABS,CODE)
